kotlin version: 2.3.10
error message: java.lang.OutOfMemoryError: GC overhead limit exceeded
	at java.base/java.util.Arrays.copyOf(Arrays.java:3541)
	at java.base/java.lang.AbstractStringBuilder.ensureCapacityInternal(AbstractStringBuilder.java:242)
	at java.base/java.lang.AbstractStringBuilder.append(AbstractStringBuilder.java:686)
	at java.base/java.lang.StringBuffer.append(StringBuffer.java:393)
	at java.base/java.text.MessageFormat.subformat(MessageFormat.java:1298)
	at java.base/java.text.MessageFormat.format(MessageFormat.java:912)
	at java.base/java.text.Format.format(Format.java:159)
	at org.jetbrains.kotlin.diagnostics.AbstractKtDiagnosticWithParametersRenderer.render(KtDiagnosticRenderer.kt:37)
	at org.jetbrains.kotlin.diagnostics.KtDiagnostic.renderMessage(KtDiagnostic.kt:27)
	at org.jetbrains.kotlin.cli.common.fir.FirDiagnosticsCompilerResultsReporter.reportDiagnosticToMessageCollector(FirDiagnosticsCompilerResultsReporter.kt:116)
	at org.jetbrains.kotlin.cli.common.fir.FirDiagnosticsCompilerResultsReporter.reportToMessageCollector$lambda$0(FirDiagnosticsCompilerResultsReporter.kt:24)
	at org.jetbrains.kotlin.cli.common.fir.FirDiagnosticsCompilerResultsReporter$$Lambda/0x00007fda58b23020.invoke(Unknown Source)
	at org.jetbrains.kotlin.cli.common.fir.FirDiagnosticsCompilerResultsReporter.reportByFile(FirDiagnosticsCompilerResultsReporter.kt:97)
	at org.jetbrains.kotlin.cli.common.fir.FirDiagnosticsCompilerResultsReporter.reportToMessageCollector(FirDiagnosticsCompilerResultsReporter.kt:23)
	at org.jetbrains.kotlin.cli.pipeline.CheckCompilationErrors$CheckDiagnosticCollector.reportDiagnosticsToMessageCollector(PipelineActions.kt:39)
	at org.jetbrains.kotlin.cli.pipeline.AbstractCliPipeline.runPhasedPipeline(AbstractCliPipeline.kt:131)
	at org.jetbrains.kotlin.cli.pipeline.AbstractCliPipeline.execute(AbstractCliPipeline.kt:68)
	at org.jetbrains.kotlin.cli.jvm.K2JVMCompiler.doExecutePhased(K2JVMCompiler.kt:51)
	at org.jetbrains.kotlin.cli.jvm.K2JVMCompiler.doExecutePhased(K2JVMCompiler.kt:42)
	at org.jetbrains.kotlin.cli.common.CLICompiler.execImpl(CLICompiler.kt:89)
	at org.jetbrains.kotlin.cli.common.CLICompiler.exec(CLICompiler.kt:359)
	at org.jetbrains.kotlin.incremental.IncrementalJvmCompilerRunnerBase.runCompiler(IncrementalJvmCompilerRunnerBase.kt:178)
	at org.jetbrains.kotlin.incremental.IncrementalJvmCompilerRunnerBase.runCompiler(IncrementalJvmCompilerRunnerBase.kt:40)
	at org.jetbrains.kotlin.incremental.IncrementalCompilerRunner.doCompile(IncrementalCompilerRunner.kt:504)
	at org.jetbrains.kotlin.incremental.IncrementalCompilerRunner.compileImpl(IncrementalCompilerRunner.kt:418)
	at org.jetbrains.kotlin.incremental.IncrementalCompilerRunner.compileNonIncrementally(IncrementalCompilerRunner.kt:301)
	at org.jetbrains.kotlin.incremental.IncrementalCompilerRunner.compile(IncrementalCompilerRunner.kt:128)
	at org.jetbrains.kotlin.daemon.CompileServiceImplBase.execIncrementalCompiler(CompileServiceImpl.kt:684)
	at org.jetbrains.kotlin.daemon.CompileServiceImplBase.access$execIncrementalCompiler(CompileServiceImpl.kt:94)
	at org.jetbrains.kotlin.daemon.CompileServiceImpl.compile(CompileServiceImpl.kt:1810)
	at java.base/java.lang.invoke.LambdaForm$DMH/0x00007fda580a4400.invokeInterface(LambdaForm$DMH)
	at java.base/java.lang.invoke.LambdaForm$MH/0x00007fda580a8800.invoke(LambdaForm$MH)


